[TRACE] 2022-08-14 00:02:04.864 Main:8 - This is a trace message
[DEBUG] 2022-08-14 00:02:04.872 Main:9 - This is a debug message
[INFO ] 2022-08-14 00:02:04.873 Main:10 - This is an info message
[WARN ] 2022-08-14 00:02:04.873 Main:11 - This is a warn message
[ERROR] 2022-08-14 00:02:04.874 Main:12 - This is an error message
[FATAL] 2022-08-14 00:02:04.874 Main:13 - This is a fatal message
[TRACE] 2022-08-14 00:21:00.144 Main:8 - This is a trace message
[DEBUG] 2022-08-14 00:21:00.147 Main:9 - This is a debug message
[INFO ] 2022-08-14 00:21:00.147 Main:10 - This is an info message
[WARN ] 2022-08-14 00:21:00.148 Main:11 - This is a warn message
[ERROR] 2022-08-14 00:21:00.148 Main:12 - This is an error message
[FATAL] 2022-08-14 00:21:00.149 Main:13 - This is a fatal message
[TRACE] 2022-08-14 00:23:04.874 Main:8 - This is a trace message
[DEBUG] 2022-08-14 00:23:04.877 Main:9 - This is a debug message
[INFO ] 2022-08-14 00:23:04.877 Main:10 - This is an info message
[WARN ] 2022-08-14 00:23:04.878 Main:11 - This is a warn message
[ERROR] 2022-08-14 00:23:04.878 Main:12 - This is an error message
[FATAL] 2022-08-14 00:23:04.878 Main:13 - This is a fatal message
[TRACE] 2022-08-14 00:26:16.720 Main:8 - This is a trace message
[DEBUG] 2022-08-14 00:26:16.724 Main:9 - This is a debug message
[INFO ] 2022-08-14 00:26:16.725 Main:10 - This is an info message
[WARN ] 2022-08-14 00:26:16.725 Main:11 - This is a warn message
[ERROR] 2022-08-14 00:26:16.725 Main:12 - This is an error message
[FATAL] 2022-08-14 00:26:16.726 Main:13 - This is a fatal message
[TRACE] 2022-08-14 00:27:18.293 Main:8 - This is a trace message
[DEBUG] 2022-08-14 00:27:18.296 Main:9 - This is a debug message
[INFO ] 2022-08-14 00:27:18.296 Main:10 - This is an info message
[WARN ] 2022-08-14 00:27:18.297 Main:11 - This is a warn message
[ERROR] 2022-08-14 00:27:18.297 Main:12 - This is an error message
[FATAL] 2022-08-14 00:27:18.297 Main:13 - This is a fatal message
[TRACE] 2022-08-14 00:35:18.680 Main:8 - This is a trace message
[DEBUG] 2022-08-14 00:35:18.684 Main:9 - This is a debug message
[INFO ] 2022-08-14 00:35:18.684 Main:10 - This is an info message
[WARN ] 2022-08-14 00:35:18.684 Main:11 - This is a warn message
[ERROR] 2022-08-14 00:35:18.685 Main:12 - This is an error message
[FATAL] 2022-08-14 00:35:18.685 Main:13 - This is a fatal message
[TRACE] 2022-08-14 00:38:14.683 Main:8 - This is a trace message
[DEBUG] 2022-08-14 00:38:14.687 Main:9 - This is a debug message
[INFO ] 2022-08-14 00:38:14.687 Main:10 - This is an info message
[WARN ] 2022-08-14 00:38:14.687 Main:11 - This is a warn message
[ERROR] 2022-08-14 00:38:14.688 Main:12 - This is an error message
[FATAL] 2022-08-14 00:38:14.688 Main:13 - This is a fatal message
