[DEBUG] 2022-08-13 16:07:50.791 Main:9 - This is a debug message
[INFO ] 2022-08-13 16:07:50.793 Main:10 - This is an info message
[WARN ] 2022-08-13 16:07:50.793 Main:11 - This is a warn message
[ERROR] 2022-08-13 16:07:50.793 Main:12 - This is an error message
[FATAL] 2022-08-13 16:07:50.793 Main:13 - This is a fatal message
[DEBUG] 2022-08-13 16:10:10.953 Main:9 - This is a debug message
[INFO ] 2022-08-13 16:10:10.955 Main:10 - This is an info message
[WARN ] 2022-08-13 16:10:10.955 Main:11 - This is a warn message
[ERROR] 2022-08-13 16:10:10.956 Main:12 - This is an error message
[FATAL] 2022-08-13 16:10:10.956 Main:13 - This is a fatal message
[DEBUG] 2022-08-13 16:14:37.132 Main:9 - This is a debug message
[INFO ] 2022-08-13 16:14:37.134 Main:10 - This is an info message
[WARN ] 2022-08-13 16:14:37.135 Main:11 - This is a warn message
[ERROR] 2022-08-13 16:14:37.135 Main:12 - This is an error message
[FATAL] 2022-08-13 16:14:37.135 Main:13 - This is a fatal message
[DEBUG] 2022-08-13 16:19:01.367 Main:9 - This is a debug message
[INFO ] 2022-08-13 16:19:01.369 Main:10 - This is an info message
[WARN ] 2022-08-13 16:19:01.369 Main:11 - This is a warn message
[ERROR] 2022-08-13 16:19:01.370 Main:12 - This is an error message
[FATAL] 2022-08-13 16:19:01.370 Main:13 - This is a fatal message
