[TRACE] 2022-08-13 16:28:38.910 Main:8 - This is a trace message
[DEBUG] 2022-08-13 16:28:38.913 Main:9 - This is a debug message
[INFO ] 2022-08-13 16:28:38.914 Main:10 - This is an info message
[WARN ] 2022-08-13 16:28:38.915 Main:11 - This is a warn message
[ERROR] 2022-08-13 16:28:38.916 Main:12 - This is an error message
[FATAL] 2022-08-13 16:28:38.916 Main:13 - This is a fatal message
[TRACE] 2022-08-13 16:29:53.873 Main:8 - This is a trace message
[DEBUG] 2022-08-13 16:29:53.876 Main:9 - This is a debug message
[INFO ] 2022-08-13 16:29:53.876 Main:10 - This is an info message
[WARN ] 2022-08-13 16:29:53.877 Main:11 - This is a warn message
[ERROR] 2022-08-13 16:29:53.878 Main:12 - This is an error message
[FATAL] 2022-08-13 16:29:53.879 Main:13 - This is a fatal message
[TRACE] 2022-08-13 16:32:33.578 Main:8 - This is a trace message
[DEBUG] 2022-08-13 16:32:33.581 Main:9 - This is a debug message
[INFO ] 2022-08-13 16:32:33.581 Main:10 - This is an info message
[WARN ] 2022-08-13 16:32:33.582 Main:11 - This is a warn message
[ERROR] 2022-08-13 16:32:33.583 Main:12 - This is an error message
[FATAL] 2022-08-13 16:32:33.583 Main:13 - This is a fatal message
[TRACE] 2022-08-13 16:46:08.167 Main:8 - This is a trace message
[DEBUG] 2022-08-13 16:46:08.170 Main:9 - This is a debug message
[INFO ] 2022-08-13 16:46:08.171 Main:10 - This is an info message
[WARN ] 2022-08-13 16:46:08.171 Main:11 - This is a warn message
[ERROR] 2022-08-13 16:46:08.172 Main:12 - This is an error message
[FATAL] 2022-08-13 16:46:08.173 Main:13 - This is a fatal message
[TRACE] 2022-08-13 16:47:09.499 Main:8 - This is a trace message
[DEBUG] 2022-08-13 16:47:09.502 Main:9 - This is a debug message
[INFO ] 2022-08-13 16:47:09.502 Main:10 - This is an info message
[WARN ] 2022-08-13 16:47:09.503 Main:11 - This is a warn message
[ERROR] 2022-08-13 16:47:09.503 Main:12 - This is an error message
[FATAL] 2022-08-13 16:47:09.504 Main:13 - This is a fatal message
[TRACE] 2022-08-13 16:54:47.624 Main:8 - This is a trace message
[DEBUG] 2022-08-13 16:54:47.627 Main:9 - This is a debug message
[INFO ] 2022-08-13 16:54:47.627 Main:10 - This is an info message
[WARN ] 2022-08-13 16:54:47.628 Main:11 - This is a warn message
[ERROR] 2022-08-13 16:54:47.628 Main:12 - This is an error message
[FATAL] 2022-08-13 16:54:47.628 Main:13 - This is a fatal message
[TRACE] 2022-08-13 16:59:59.842 Main:8 - This is a trace message
[DEBUG] 2022-08-13 16:59:59.846 Main:9 - This is a debug message
[INFO ] 2022-08-13 16:59:59.846 Main:10 - This is an info message
[WARN ] 2022-08-13 16:59:59.847 Main:11 - This is a warn message
[ERROR] 2022-08-13 16:59:59.847 Main:12 - This is an error message
[FATAL] 2022-08-13 16:59:59.848 Main:13 - This is a fatal message
[TRACE] 2022-08-13 17:00:45.607 Main:8 - This is a trace message
[DEBUG] 2022-08-13 17:00:45.611 Main:9 - This is a debug message
[INFO ] 2022-08-13 17:00:45.611 Main:10 - This is an info message
[WARN ] 2022-08-13 17:00:45.612 Main:11 - This is a warn message
[ERROR] 2022-08-13 17:00:45.613 Main:12 - This is an error message
[FATAL] 2022-08-13 17:00:45.613 Main:13 - This is a fatal message
[TRACE] 2022-08-13 17:48:48.408 Main:8 - This is a trace message
[DEBUG] 2022-08-13 17:48:48.411 Main:9 - This is a debug message
[INFO ] 2022-08-13 17:48:48.412 Main:10 - This is an info message
[WARN ] 2022-08-13 17:48:48.412 Main:11 - This is a warn message
[ERROR] 2022-08-13 17:48:48.412 Main:12 - This is an error message
[FATAL] 2022-08-13 17:48:48.413 Main:13 - This is a fatal message
[TRACE] 2022-08-13 17:49:35.139 Main:8 - This is a trace message
[DEBUG] 2022-08-13 17:49:35.142 Main:9 - This is a debug message
[INFO ] 2022-08-13 17:49:35.143 Main:10 - This is an info message
[WARN ] 2022-08-13 17:49:35.143 Main:11 - This is a warn message
[ERROR] 2022-08-13 17:49:35.143 Main:12 - This is an error message
[FATAL] 2022-08-13 17:49:35.144 Main:13 - This is a fatal message
[TRACE] 2022-08-13 17:50:14.385 Main:8 - This is a trace message
[DEBUG] 2022-08-13 17:50:14.388 Main:9 - This is a debug message
[INFO ] 2022-08-13 17:50:14.389 Main:10 - This is an info message
[WARN ] 2022-08-13 17:50:14.389 Main:11 - This is a warn message
[ERROR] 2022-08-13 17:50:14.389 Main:12 - This is an error message
[FATAL] 2022-08-13 17:50:14.389 Main:13 - This is a fatal message
[TRACE] 2022-08-13 17:54:18.507 Main:8 - This is a trace message
[DEBUG] 2022-08-13 17:54:18.510 Main:9 - This is a debug message
[INFO ] 2022-08-13 17:54:18.511 Main:10 - This is an info message
[WARN ] 2022-08-13 17:54:18.511 Main:11 - This is a warn message
[ERROR] 2022-08-13 17:54:18.512 Main:12 - This is an error message
[FATAL] 2022-08-13 17:54:18.512 Main:13 - This is a fatal message
[TRACE] 2022-08-13 18:10:21.863 Main:8 - This is a trace message
[DEBUG] 2022-08-13 18:10:21.868 Main:9 - This is a debug message
[INFO ] 2022-08-13 18:10:21.868 Main:10 - This is an info message
[WARN ] 2022-08-13 18:10:21.869 Main:11 - This is a warn message
[ERROR] 2022-08-13 18:10:21.869 Main:12 - This is an error message
[FATAL] 2022-08-13 18:10:21.870 Main:13 - This is a fatal message
[TRACE] 2022-08-13 18:10:58.924 Main:8 - This is a trace message
[DEBUG] 2022-08-13 18:10:58.927 Main:9 - This is a debug message
[INFO ] 2022-08-13 18:10:58.927 Main:10 - This is an info message
[WARN ] 2022-08-13 18:10:58.928 Main:11 - This is a warn message
[ERROR] 2022-08-13 18:10:58.928 Main:12 - This is an error message
[FATAL] 2022-08-13 18:10:58.928 Main:13 - This is a fatal message
[TRACE] 2022-08-13 18:11:19.521 Main:8 - This is a trace message
[DEBUG] 2022-08-13 18:11:19.525 Main:9 - This is a debug message
[INFO ] 2022-08-13 18:11:19.525 Main:10 - This is an info message
[WARN ] 2022-08-13 18:11:19.525 Main:11 - This is a warn message
[ERROR] 2022-08-13 18:11:19.526 Main:12 - This is an error message
[FATAL] 2022-08-13 18:11:19.526 Main:13 - This is a fatal message
[TRACE] 2022-08-13 18:11:55.347 Main:8 - This is a trace message
[DEBUG] 2022-08-13 18:11:55.350 Main:9 - This is a debug message
[INFO ] 2022-08-13 18:11:55.351 Main:10 - This is an info message
[WARN ] 2022-08-13 18:11:55.351 Main:11 - This is a warn message
[ERROR] 2022-08-13 18:11:55.351 Main:12 - This is an error message
[FATAL] 2022-08-13 18:11:55.352 Main:13 - This is a fatal message
[TRACE] 2022-08-13 18:12:31.175 Main:8 - This is a trace message
[DEBUG] 2022-08-13 18:12:31.179 Main:9 - This is a debug message
[INFO ] 2022-08-13 18:12:31.179 Main:10 - This is an info message
[WARN ] 2022-08-13 18:12:31.180 Main:11 - This is a warn message
[ERROR] 2022-08-13 18:12:31.180 Main:12 - This is an error message
[FATAL] 2022-08-13 18:12:31.180 Main:13 - This is a fatal message
[TRACE] 2022-08-13 18:14:56.247 Main:8 - This is a trace message
[DEBUG] 2022-08-13 18:14:56.250 Main:9 - This is a debug message
[INFO ] 2022-08-13 18:14:56.251 Main:10 - This is an info message
[WARN ] 2022-08-13 18:14:56.251 Main:11 - This is a warn message
[ERROR] 2022-08-13 18:14:56.252 Main:12 - This is an error message
[FATAL] 2022-08-13 18:14:56.252 Main:13 - This is a fatal message
[TRACE] 2022-08-13 18:15:41.209 Main:8 - This is a trace message
[DEBUG] 2022-08-13 18:15:41.213 Main:9 - This is a debug message
[INFO ] 2022-08-13 18:15:41.214 Main:10 - This is an info message
[WARN ] 2022-08-13 18:15:41.214 Main:11 - This is a warn message
[ERROR] 2022-08-13 18:15:41.215 Main:12 - This is an error message
[FATAL] 2022-08-13 18:15:41.215 Main:13 - This is a fatal message
[TRACE] 2022-08-13 18:20:26.725 Main:8 - This is a trace message
[DEBUG] 2022-08-13 18:20:26.729 Main:9 - This is a debug message
[INFO ] 2022-08-13 18:20:26.729 Main:10 - This is an info message
[WARN ] 2022-08-13 18:20:26.730 Main:11 - This is a warn message
[ERROR] 2022-08-13 18:20:26.730 Main:12 - This is an error message
[FATAL] 2022-08-13 18:20:26.730 Main:13 - This is a fatal message
[TRACE] 2022-08-13 18:59:40.533 Main:8 - This is a trace message
[DEBUG] 2022-08-13 18:59:40.537 Main:9 - This is a debug message
[INFO ] 2022-08-13 18:59:40.537 Main:10 - This is an info message
[WARN ] 2022-08-13 18:59:40.538 Main:11 - This is a warn message
[ERROR] 2022-08-13 18:59:40.538 Main:12 - This is an error message
[FATAL] 2022-08-13 18:59:40.539 Main:13 - This is a fatal message
[TRACE] 2022-08-13 19:04:17.400 Main:8 - This is a trace message
[DEBUG] 2022-08-13 19:04:17.403 Main:9 - This is a debug message
[INFO ] 2022-08-13 19:04:17.403 Main:10 - This is an info message
[WARN ] 2022-08-13 19:04:17.404 Main:11 - This is a warn message
[ERROR] 2022-08-13 19:04:17.404 Main:12 - This is an error message
[FATAL] 2022-08-13 19:04:17.405 Main:13 - This is a fatal message
[TRACE] 2022-08-13 19:05:49.573 Main:8 - This is a trace message
[DEBUG] 2022-08-13 19:05:49.576 Main:9 - This is a debug message
[INFO ] 2022-08-13 19:05:49.577 Main:10 - This is an info message
[WARN ] 2022-08-13 19:05:49.577 Main:11 - This is a warn message
[ERROR] 2022-08-13 19:05:49.577 Main:12 - This is an error message
[FATAL] 2022-08-13 19:05:49.578 Main:13 - This is a fatal message
[TRACE] 2022-08-13 19:06:23.117 Main:8 - This is a trace message
[DEBUG] 2022-08-13 19:06:23.120 Main:9 - This is a debug message
[INFO ] 2022-08-13 19:06:23.121 Main:10 - This is an info message
[WARN ] 2022-08-13 19:06:23.121 Main:11 - This is a warn message
[ERROR] 2022-08-13 19:06:23.121 Main:12 - This is an error message
[FATAL] 2022-08-13 19:06:23.122 Main:13 - This is a fatal message
[TRACE] 2022-08-13 19:13:07.604 Main:8 - This is a trace message
[DEBUG] 2022-08-13 19:13:07.608 Main:9 - This is a debug message
[INFO ] 2022-08-13 19:13:07.608 Main:10 - This is an info message
[WARN ] 2022-08-13 19:13:07.608 Main:11 - This is a warn message
[ERROR] 2022-08-13 19:13:07.609 Main:12 - This is an error message
[FATAL] 2022-08-13 19:13:07.609 Main:13 - This is a fatal message
[TRACE] 2022-08-13 19:15:18.640 Main:8 - This is a trace message
[DEBUG] 2022-08-13 19:15:18.643 Main:9 - This is a debug message
[INFO ] 2022-08-13 19:15:18.644 Main:10 - This is an info message
[WARN ] 2022-08-13 19:15:18.644 Main:11 - This is a warn message
[ERROR] 2022-08-13 19:15:18.645 Main:12 - This is an error message
[FATAL] 2022-08-13 19:15:18.645 Main:13 - This is a fatal message
[TRACE] 2022-08-13 19:18:51.091 Main:8 - This is a trace message
[DEBUG] 2022-08-13 19:18:51.095 Main:9 - This is a debug message
[INFO ] 2022-08-13 19:18:51.096 Main:10 - This is an info message
[WARN ] 2022-08-13 19:18:51.096 Main:11 - This is a warn message
[ERROR] 2022-08-13 19:18:51.097 Main:12 - This is an error message
[FATAL] 2022-08-13 19:18:51.097 Main:13 - This is a fatal message
[TRACE] 2022-08-13 19:20:32.071 Main:8 - This is a trace message
[DEBUG] 2022-08-13 19:20:32.074 Main:9 - This is a debug message
[INFO ] 2022-08-13 19:20:32.075 Main:10 - This is an info message
[WARN ] 2022-08-13 19:20:32.075 Main:11 - This is a warn message
[ERROR] 2022-08-13 19:20:32.075 Main:12 - This is an error message
[FATAL] 2022-08-13 19:20:32.076 Main:13 - This is a fatal message
[TRACE] 2022-08-13 19:21:01.539 Main:8 - This is a trace message
[DEBUG] 2022-08-13 19:21:01.543 Main:9 - This is a debug message
[INFO ] 2022-08-13 19:21:01.543 Main:10 - This is an info message
[WARN ] 2022-08-13 19:21:01.544 Main:11 - This is a warn message
[ERROR] 2022-08-13 19:21:01.544 Main:12 - This is an error message
[FATAL] 2022-08-13 19:21:01.545 Main:13 - This is a fatal message
[TRACE] 2022-08-13 19:26:40.047 Main:8 - This is a trace message
[DEBUG] 2022-08-13 19:26:40.051 Main:9 - This is a debug message
[INFO ] 2022-08-13 19:26:40.052 Main:10 - This is an info message
[WARN ] 2022-08-13 19:26:40.052 Main:11 - This is a warn message
[ERROR] 2022-08-13 19:26:40.052 Main:12 - This is an error message
[FATAL] 2022-08-13 19:26:40.053 Main:13 - This is a fatal message
[TRACE] 2022-08-13 19:28:00.237 Main:8 - This is a trace message
[DEBUG] 2022-08-13 19:28:00.241 Main:9 - This is a debug message
[INFO ] 2022-08-13 19:28:00.241 Main:10 - This is an info message
[WARN ] 2022-08-13 19:28:00.242 Main:11 - This is a warn message
[ERROR] 2022-08-13 19:28:00.242 Main:12 - This is an error message
[FATAL] 2022-08-13 19:28:00.243 Main:13 - This is a fatal message
[TRACE] 2022-08-13 19:29:03.559 Main:8 - This is a trace message
[DEBUG] 2022-08-13 19:29:03.562 Main:9 - This is a debug message
[INFO ] 2022-08-13 19:29:03.563 Main:10 - This is an info message
[WARN ] 2022-08-13 19:29:03.563 Main:11 - This is a warn message
[ERROR] 2022-08-13 19:29:03.563 Main:12 - This is an error message
[FATAL] 2022-08-13 19:29:03.564 Main:13 - This is a fatal message
[TRACE] 2022-08-13 19:29:31.479 Main:8 - This is a trace message
[DEBUG] 2022-08-13 19:29:31.482 Main:9 - This is a debug message
[INFO ] 2022-08-13 19:29:31.483 Main:10 - This is an info message
[WARN ] 2022-08-13 19:29:31.483 Main:11 - This is a warn message
[ERROR] 2022-08-13 19:29:31.483 Main:12 - This is an error message
[FATAL] 2022-08-13 19:29:31.484 Main:13 - This is a fatal message
[TRACE] 2022-08-13 19:29:58.815 Main:8 - This is a trace message
[DEBUG] 2022-08-13 19:29:58.819 Main:9 - This is a debug message
[INFO ] 2022-08-13 19:29:58.819 Main:10 - This is an info message
[WARN ] 2022-08-13 19:29:58.819 Main:11 - This is a warn message
[ERROR] 2022-08-13 19:29:58.820 Main:12 - This is an error message
[FATAL] 2022-08-13 19:29:58.820 Main:13 - This is a fatal message
[TRACE] 2022-08-13 19:30:12.169 Main:8 - This is a trace message
[DEBUG] 2022-08-13 19:30:12.172 Main:9 - This is a debug message
[INFO ] 2022-08-13 19:30:12.173 Main:10 - This is an info message
[WARN ] 2022-08-13 19:30:12.173 Main:11 - This is a warn message
[ERROR] 2022-08-13 19:30:12.174 Main:12 - This is an error message
[FATAL] 2022-08-13 19:30:12.174 Main:13 - This is a fatal message
[TRACE] 2022-08-13 19:32:09.479 Main:8 - This is a trace message
[DEBUG] 2022-08-13 19:32:09.482 Main:9 - This is a debug message
[INFO ] 2022-08-13 19:32:09.483 Main:10 - This is an info message
[WARN ] 2022-08-13 19:32:09.483 Main:11 - This is a warn message
[ERROR] 2022-08-13 19:32:09.484 Main:12 - This is an error message
[FATAL] 2022-08-13 19:32:09.484 Main:13 - This is a fatal message
[TRACE] 2022-08-13 19:33:04.753 Main:8 - This is a trace message
[DEBUG] 2022-08-13 19:33:04.756 Main:9 - This is a debug message
[INFO ] 2022-08-13 19:33:04.757 Main:10 - This is an info message
[WARN ] 2022-08-13 19:33:04.757 Main:11 - This is a warn message
[ERROR] 2022-08-13 19:33:04.758 Main:12 - This is an error message
[FATAL] 2022-08-13 19:33:04.758 Main:13 - This is a fatal message
[TRACE] 2022-08-13 23:49:22.736 Main:8 - This is a trace message
[DEBUG] 2022-08-13 23:49:22.740 Main:9 - This is a debug message
[INFO ] 2022-08-13 23:49:22.740 Main:10 - This is an info message
[WARN ] 2022-08-13 23:49:22.741 Main:11 - This is a warn message
[ERROR] 2022-08-13 23:49:22.741 Main:12 - This is an error message
[FATAL] 2022-08-13 23:49:22.741 Main:13 - This is a fatal message
[TRACE] 2022-08-13 23:50:14.437 Main:8 - This is a trace message
[DEBUG] 2022-08-13 23:50:14.441 Main:9 - This is a debug message
[INFO ] 2022-08-13 23:50:14.442 Main:10 - This is an info message
[WARN ] 2022-08-13 23:50:14.442 Main:11 - This is a warn message
[ERROR] 2022-08-13 23:50:14.443 Main:12 - This is an error message
[FATAL] 2022-08-13 23:50:14.443 Main:13 - This is a fatal message
[TRACE] 2022-08-13 23:52:12.834 Main:8 - This is a trace message
[DEBUG] 2022-08-13 23:52:12.837 Main:9 - This is a debug message
[INFO ] 2022-08-13 23:52:12.838 Main:10 - This is an info message
[WARN ] 2022-08-13 23:52:12.838 Main:11 - This is a warn message
[ERROR] 2022-08-13 23:52:12.838 Main:12 - This is an error message
[FATAL] 2022-08-13 23:52:12.839 Main:13 - This is a fatal message
[TRACE] 2022-08-13 23:58:33.072 Main:8 - This is a trace message
[DEBUG] 2022-08-13 23:58:33.075 Main:9 - This is a debug message
[INFO ] 2022-08-13 23:58:33.076 Main:10 - This is an info message
[WARN ] 2022-08-13 23:58:33.076 Main:11 - This is a warn message
[ERROR] 2022-08-13 23:58:33.077 Main:12 - This is an error message
[FATAL] 2022-08-13 23:58:33.078 Main:13 - This is a fatal message
